-Xajruntimetarget:1.5
-1.8
-source
1.8
-target
1.8
-classpath
C:\Users\diegoalves\.m2\repository\org\aspectj\aspectjrt\1.8.7\aspectjrt-1.8.7.jar;C:\Users\diegoalves\.m2\repository\org\aspectj\aspectjweaver\1.8.7\aspectjweaver-1.8.7.jar;C:\Users\diegoalves\.m2\repository\com\netflix\hystrix\hystrix-core\1.5.1\hystrix-core-1.5.1.jar;C:\Users\diegoalves\.m2\repository\com\netflix\archaius\archaius-core\0.4.1\archaius-core-0.4.1.jar;C:\Users\diegoalves\.m2\repository\commons-configuration\commons-configuration\1.8\commons-configuration-1.8.jar;C:\Users\diegoalves\.m2\repository\commons-lang\commons-lang\2.6\commons-lang-2.6.jar;C:\Users\diegoalves\.m2\repository\commons-logging\commons-logging\1.1.1\commons-logging-1.1.1.jar;C:\Users\diegoalves\.m2\repository\io\reactivex\rxjava\1.1.1\rxjava-1.1.1.jar;C:\Users\diegoalves\.m2\repository\org\slf4j\slf4j-api\1.7.0\slf4j-api-1.7.0.jar;C:\Users\diegoalves\.m2\repository\org\hdrhistogram\HdrHistogram\2.1.7\HdrHistogram-2.1.7.jar;D:\Desenv\workspace-mars\teste-aspectj\target\classes
-d
D:\Desenv\workspace-mars\teste-aspectj\target\classes
D:\Desenv\workspace-mars\teste-aspectj\src\main\java\com\diego\aop\auditoria\Auditavel.java
D:\Desenv\workspace-mars\teste-aspectj\src\main\java\com\diego\aop\auditoria\AuditoriaAspect.java
D:\Desenv\workspace-mars\teste-aspectj\src\main\java\com\diego\aop\hystrixmetrics\HystrixWrapper.java
D:\Desenv\workspace-mars\teste-aspectj\src\main\java\com\diego\aop\hystrixmetrics\HystrixWrapperAspect.java
D:\Desenv\workspace-mars\teste-aspectj\src\main\java\com\diego\aop\temporizacao\TempoExecucaoAspect.java
D:\Desenv\workspace-mars\teste-aspectj\src\main\java\com\diego\aop\temporizacao\Temporizavel.java
D:\Desenv\workspace-mars\teste-aspectj\src\main\java\com\diego\entity\Pessoa.java
D:\Desenv\workspace-mars\teste-aspectj\src\main\java\com\diego\main\Main.java
D:\Desenv\workspace-mars\teste-aspectj\src\main\java\com\diego\negocio\TesteAnnotationMethod.java
D:\Desenv\workspace-mars\teste-aspectj\src\main\java\com\diego\negocio\TesteException.java
D:\Desenv\workspace-mars\teste-aspectj\src\main\java\com\diego\negocio\UtilitarioHibernate.java
D:\Desenv\workspace-mars\teste-aspectj\src\main\java\com\diego\repository\PessoaRepository.java
D:\Desenv\workspace-mars\teste-aspectj\src\main\java\com\diego\rest\PessoaResource.java
D:\Desenv\workspace-mars\teste-aspectj\src\main\java\com\diego\service\PessoaService.java
